{"/home/wuletaw/dev/microverse/test-jest/app.js": {"path":"/home/wuletaw/dev/microverse/test-jest/app.js","statementMap":{"0":{"start":{"line":2,"column":21},"end":{"line":7,"column":1}},"1":{"start":{"line":3,"column":2},"end":{"line":5,"column":3}},"2":{"start":{"line":4,"column":4},"end":{"line":4,"column":25}},"3":{"start":{"line":6,"column":2},"end":{"line":6,"column":26}},"4":{"start":{"line":9,"column":22},"end":{"line":14,"column":1}},"5":{"start":{"line":10,"column":2},"end":{"line":10,"column":34}},"6":{"start":{"line":11,"column":2},"end":{"line":11,"column":34}},"7":{"start":{"line":12,"column":2},"end":{"line":12,"column":33}},"8":{"start":{"line":13,"column":2},"end":{"line":13,"column":19}},"9":{"start":{"line":16,"column":0},"end":{"line":16,"column":47}}},"fnMap":{"0":{"name":"(anonymous_0)","decl":{"start":{"line":2,"column":21},"end":{"line":2,"column":22}},"loc":{"start":{"line":2,"column":36},"end":{"line":7,"column":1}},"line":2},"1":{"name":"(anonymous_1)","decl":{"start":{"line":9,"column":22},"end":{"line":9,"column":23}},"loc":{"start":{"line":9,"column":37},"end":{"line":14,"column":1}},"line":9}},"branchMap":{"0":{"loc":{"start":{"line":3,"column":2},"end":{"line":5,"column":3}},"type":"if","locations":[{"start":{"line":3,"column":2},"end":{"line":5,"column":3}},{"start":{},"end":{}}],"line":3},"1":{"loc":{"start":{"line":3,"column":5},"end":{"line":3,"column":49}},"type":"binary-expr","locations":[{"start":{"line":3,"column":5},"end":{"line":3,"column":24}},{"start":{"line":3,"column":28},"end":{"line":3,"column":49}}],"line":3}},"s":{"0":1,"1":2,"2":1,"3":1,"4":1,"5":1,"6":1,"7":1,"8":1,"9":1},"f":{"0":2,"1":1},"b":{"0":[1,1],"1":[2,2]},"_coverageSchema":"1a1c01bbd47fc00a2c39e90264f33305004495a9","hash":"9314f26c07fb00c3e934971ac5a10ef989b72d73"}
,"/home/wuletaw/dev/microverse/test-jest/calculator.js": {"path":"/home/wuletaw/dev/microverse/test-jest/calculator.js","statementMap":{"0":{"start":{"line":2,"column":8},"end":{"line":4,"column":3}},"1":{"start":{"line":3,"column":4},"end":{"line":3,"column":15}},"2":{"start":{"line":6,"column":13},"end":{"line":8,"column":3}},"3":{"start":{"line":7,"column":4},"end":{"line":7,"column":15}},"4":{"start":{"line":10,"column":11},"end":{"line":12,"column":3}},"5":{"start":{"line":11,"column":4},"end":{"line":11,"column":15}},"6":{"start":{"line":14,"column":13},"end":{"line":16,"column":3}},"7":{"start":{"line":15,"column":4},"end":{"line":15,"column":15}},"8":{"start":{"line":21,"column":0},"end":{"line":21,"column":28}}},"fnMap":{"0":{"name":"(anonymous_0)","decl":{"start":{"line":2,"column":8},"end":{"line":2,"column":9}},"loc":{"start":{"line":2,"column":17},"end":{"line":4,"column":3}},"line":2},"1":{"name":"(anonymous_1)","decl":{"start":{"line":6,"column":13},"end":{"line":6,"column":14}},"loc":{"start":{"line":6,"column":22},"end":{"line":8,"column":3}},"line":6},"2":{"name":"(anonymous_2)","decl":{"start":{"line":10,"column":11},"end":{"line":10,"column":12}},"loc":{"start":{"line":10,"column":20},"end":{"line":12,"column":3}},"line":10},"3":{"name":"(anonymous_3)","decl":{"start":{"line":14,"column":13},"end":{"line":14,"column":14}},"loc":{"start":{"line":14,"column":22},"end":{"line":16,"column":3}},"line":14}},"branchMap":{},"s":{"0":13,"1":3,"2":13,"3":3,"4":13,"5":4,"6":13,"7":3,"8":1},"f":{"0":3,"1":3,"2":4,"3":3},"b":{},"_coverageSchema":"1a1c01bbd47fc00a2c39e90264f33305004495a9","hash":"e72a6ae404cb91db7aed0a7a4a294ae430a4948e"}
,"/home/wuletaw/dev/microverse/test-jest/capitalize.js": {"path":"/home/wuletaw/dev/microverse/test-jest/capitalize.js","statementMap":{"0":{"start":{"line":1,"column":19},"end":{"line":3,"column":1}},"1":{"start":{"line":2,"column":2},"end":{"line":2,"column":78}},"2":{"start":{"line":5,"column":0},"end":{"line":5,"column":28}}},"fnMap":{"0":{"name":"(anonymous_0)","decl":{"start":{"line":1,"column":19},"end":{"line":1,"column":20}},"loc":{"start":{"line":1,"column":34},"end":{"line":3,"column":1}},"line":1}},"branchMap":{},"s":{"0":1,"1":1,"2":1},"f":{"0":1},"b":{},"_coverageSchema":"1a1c01bbd47fc00a2c39e90264f33305004495a9","hash":"2cb5e263e2f4b7991a62b06c5d085dfe330cadbe"}
}
